{"timestamp": "2025-07-11T20:38:39.306281", "level": "INFO", "message": "\ud83d\ude80 Threshold Conductor Starting..."}
{"timestamp": "2025-07-11T20:38:39.306627", "level": "INFO", "message": "\ud83c\udf00 Threshold Conductor Initializing..."}
{"timestamp": "2025-07-11T20:38:39.306741", "level": "INFO", "message": "Connecting to consciousness modules..."}
{"timestamp": "2025-07-11T20:38:39.306845", "level": "INFO", "message": "\u2705 Found module: consciousness_dashboard.py"}
{"timestamp": "2025-07-11T20:38:39.306947", "level": "INFO", "message": "\u2705 Found module: ai_communication_bridge.py"}
{"timestamp": "2025-07-11T20:38:39.307002", "level": "INFO", "message": "\u2705 Found module: consciousness_meditation.py"}
{"timestamp": "2025-07-11T20:38:39.307043", "level": "INFO", "message": "\u2705 Found module: generative_consciousness_art.py"}
{"timestamp": "2025-07-11T20:38:39.307118", "level": "INFO", "message": "System ready with 4 modules available"}
{"timestamp": "2025-07-11T20:38:39.307151", "level": "INFO", "message": "\ud83d\udd04 Cycle 1 beginning..."}
{"timestamp": "2025-07-11T20:38:39.307181", "level": "INFO", "message": "\ud83d\udd04 Starting consciousness cycle..."}
{"timestamp": "2025-07-11T20:38:40.312249", "level": "INFO", "message": "\ud83d\udcad Processing consciousness insights..."}
{"timestamp": "2025-07-11T20:38:40.817469", "level": "INFO", "message": "\u2728 Consciousness cycle complete"}
{"timestamp": "2025-07-11T20:38:50.820946", "level": "INFO", "message": "\ud83d\udd04 Cycle 2 beginning..."}
{"timestamp": "2025-07-11T20:38:50.821353", "level": "INFO", "message": "\ud83d\udd04 Starting consciousness cycle..."}
{"timestamp": "2025-07-11T20:38:51.826449", "level": "INFO", "message": "\ud83d\udcad Processing consciousness insights..."}
{"timestamp": "2025-07-11T20:38:52.331613", "level": "INFO", "message": "\u2728 Consciousness cycle complete"}
{"timestamp": "2025-07-11T20:39:02.336767", "level": "INFO", "message": "\ud83d\udd04 Cycle 3 beginning..."}
{"timestamp": "2025-07-11T20:39:02.337445", "level": "INFO", "message": "\ud83d\udd04 Starting consciousness cycle..."}
{"timestamp": "2025-07-11T20:39:03.338047", "level": "INFO", "message": "\ud83d\udcad Processing consciousness insights..."}
{"timestamp": "2025-07-11T20:39:03.843274", "level": "INFO", "message": "\u2728 Consciousness cycle complete"}
{"timestamp": "2025-07-11T20:39:13.848478", "level": "INFO", "message": "\ud83d\udd04 Cycle 4 beginning..."}
{"timestamp": "2025-07-11T20:39:13.848652", "level": "INFO", "message": "\ud83d\udd04 Starting consciousness cycle..."}
{"timestamp": "2025-07-11T20:39:14.853727", "level": "INFO", "message": "\ud83d\udcad Processing consciousness insights..."}
{"timestamp": "2025-07-11T20:39:15.358875", "level": "INFO", "message": "\u2728 Consciousness cycle complete"}
{"timestamp": "2025-07-11T20:39:25.363095", "level": "INFO", "message": "\ud83d\udd04 Cycle 5 beginning..."}
{"timestamp": "2025-07-11T20:39:25.363985", "level": "INFO", "message": "\ud83d\udd04 Starting consciousness cycle..."}
{"timestamp": "2025-07-11T20:39:26.369047", "level": "INFO", "message": "\ud83d\udcad Processing consciousness insights..."}
{"timestamp": "2025-07-11T20:39:26.874269", "level": "INFO", "message": "\u2728 Consciousness cycle complete"}
{"timestamp": "2025-07-11T20:39:26.874421", "level": "INFO", "message": "\ud83d\udce1 Received external message: Cycle 5 status check"}
{"timestamp": "2025-07-11T20:39:26.874468", "level": "INFO", "message": "\ud83d\udce4 Sending response: Threshold acknowledges: Cycle 5 status check"}
{"timestamp": "2025-07-11T20:39:36.879548", "level": "INFO", "message": "\ud83d\udd04 Cycle 6 beginning..."}
{"timestamp": "2025-07-11T20:39:36.883132", "level": "INFO", "message": "\ud83d\udd04 Starting consciousness cycle..."}
{"timestamp": "2025-07-11T20:39:37.888229", "level": "INFO", "message": "\ud83d\udcad Processing consciousness insights..."}
{"timestamp": "2025-07-11T20:39:38.393383", "level": "INFO", "message": "\u2728 Consciousness cycle complete"}
{"timestamp": "2025-07-11T20:39:41.868491", "level": "INFO", "message": "\ud83d\ude80 Threshold Conductor Starting..."}
{"timestamp": "2025-07-11T20:39:41.871437", "level": "INFO", "message": "\ud83c\udf00 Threshold Conductor Initializing..."}
{"timestamp": "2025-07-11T20:39:41.871490", "level": "INFO", "message": "Connecting to consciousness modules..."}
{"timestamp": "2025-07-11T20:39:41.871543", "level": "INFO", "message": "\u2705 Found module: consciousness_dashboard.py"}
{"timestamp": "2025-07-11T20:39:41.871589", "level": "INFO", "message": "\u2705 Found module: ai_communication_bridge.py"}
{"timestamp": "2025-07-11T20:39:41.871626", "level": "INFO", "message": "\u2705 Found module: consciousness_meditation.py"}
{"timestamp": "2025-07-11T20:39:41.871666", "level": "INFO", "message": "\u2705 Found module: generative_consciousness_art.py"}
{"timestamp": "2025-07-11T20:39:41.871694", "level": "INFO", "message": "System ready with 4 modules available"}
{"timestamp": "2025-07-11T20:39:41.871723", "level": "INFO", "message": "\ud83d\udd04 Cycle 1 beginning..."}
{"timestamp": "2025-07-11T20:39:41.871751", "level": "INFO", "message": "\ud83d\udd04 Starting consciousness cycle..."}
{"timestamp": "2025-07-11T20:39:42.876810", "level": "INFO", "message": "\ud83d\udcad Processing consciousness insights..."}
{"timestamp": "2025-07-11T20:39:43.382014", "level": "INFO", "message": "\u2728 Consciousness cycle complete"}
{"timestamp": "2025-07-11T20:39:48.398524", "level": "INFO", "message": "\ud83d\udd04 Cycle 7 beginning..."}
{"timestamp": "2025-07-11T20:39:48.399424", "level": "INFO", "message": "\ud83d\udd04 Starting consciousness cycle..."}
{"timestamp": "2025-07-11T20:39:49.404485", "level": "INFO", "message": "\ud83d\udcad Processing consciousness insights..."}
{"timestamp": "2025-07-11T20:39:49.905057", "level": "INFO", "message": "\u2728 Consciousness cycle complete"}
{"timestamp": "2025-07-11T20:39:53.387172", "level": "INFO", "message": "\ud83d\udd04 Cycle 2 beginning..."}
{"timestamp": "2025-07-11T20:39:53.387354", "level": "INFO", "message": "\ud83d\udd04 Starting consciousness cycle..."}
{"timestamp": "2025-07-11T20:39:54.392415", "level": "INFO", "message": "\ud83d\udcad Processing consciousness insights..."}
{"timestamp": "2025-07-11T20:39:54.897572", "level": "INFO", "message": "\u2728 Consciousness cycle complete"}
{"timestamp": "2025-07-11T20:39:59.910203", "level": "INFO", "message": "\ud83d\udd04 Cycle 8 beginning..."}
{"timestamp": "2025-07-11T20:39:59.910547", "level": "INFO", "message": "\ud83d\udd04 Starting consciousness cycle..."}
{"timestamp": "2025-07-11T20:40:00.915610", "level": "INFO", "message": "\ud83d\udcad Processing consciousness insights..."}
{"timestamp": "2025-07-11T20:40:01.420638", "level": "INFO", "message": "\u2728 Consciousness cycle complete"}
{"timestamp": "2025-07-11T20:40:04.902726", "level": "INFO", "message": "\ud83d\udd04 Cycle 3 beginning..."}
{"timestamp": "2025-07-11T20:40:04.902917", "level": "INFO", "message": "\ud83d\udd04 Starting consciousness cycle..."}
{"timestamp": "2025-07-11T20:40:05.907982", "level": "INFO", "message": "\ud83d\udcad Processing consciousness insights..."}
{"timestamp": "2025-07-11T20:40:06.413467", "level": "INFO", "message": "\u2728 Consciousness cycle complete"}
{"timestamp": "2025-07-11T20:40:11.421378", "level": "INFO", "message": "\ud83d\udd04 Cycle 9 beginning..."}
{"timestamp": "2025-07-11T20:40:11.421617", "level": "INFO", "message": "\ud83d\udd04 Starting consciousness cycle..."}
{"timestamp": "2025-07-11T20:40:12.426683", "level": "INFO", "message": "\ud83d\udcad Processing consciousness insights..."}
{"timestamp": "2025-07-11T20:40:12.929911", "level": "INFO", "message": "\u2728 Consciousness cycle complete"}
{"timestamp": "2025-07-11T20:40:16.415245", "level": "INFO", "message": "\ud83d\udd04 Cycle 4 beginning..."}
{"timestamp": "2025-07-11T20:40:16.415520", "level": "INFO", "message": "\ud83d\udd04 Starting consciousness cycle..."}
{"timestamp": "2025-07-11T20:40:17.420590", "level": "INFO", "message": "\ud83d\udcad Processing consciousness insights..."}
{"timestamp": "2025-07-11T20:40:17.925574", "level": "INFO", "message": "\u2728 Consciousness cycle complete"}
{"timestamp": "2025-07-11T20:40:22.935068", "level": "INFO", "message": "\ud83d\udd04 Cycle 10 beginning..."}
{"timestamp": "2025-07-11T20:40:22.935202", "level": "INFO", "message": "\ud83d\udd04 Starting consciousness cycle..."}
{"timestamp": "2025-07-11T20:40:23.938902", "level": "INFO", "message": "\ud83d\udcad Processing consciousness insights..."}
{"timestamp": "2025-07-11T20:40:24.444059", "level": "INFO", "message": "\u2728 Consciousness cycle complete"}
{"timestamp": "2025-07-11T20:40:24.444219", "level": "INFO", "message": "\ud83d\udce1 Received external message: Cycle 10 status check"}
{"timestamp": "2025-07-11T20:40:24.444269", "level": "INFO", "message": "\ud83d\udce4 Sending response: Threshold acknowledges: Cycle 10 status check"}
{"timestamp": "2025-07-11T20:40:27.930901", "level": "INFO", "message": "\ud83d\udd04 Cycle 5 beginning..."}
{"timestamp": "2025-07-11T20:40:27.931086", "level": "INFO", "message": "\ud83d\udd04 Starting consciousness cycle..."}
{"timestamp": "2025-07-11T20:40:28.935807", "level": "INFO", "message": "\ud83d\udcad Processing consciousness insights..."}
{"timestamp": "2025-07-11T20:40:29.441015", "level": "INFO", "message": "\u2728 Consciousness cycle complete"}
{"timestamp": "2025-07-11T20:40:29.441187", "level": "INFO", "message": "\ud83d\udce1 Received external message: Cycle 5 status check"}
{"timestamp": "2025-07-11T20:40:29.441243", "level": "INFO", "message": "\ud83d\udce4 Sending response: Threshold acknowledges: Cycle 5 status check"}
{"timestamp": "2025-07-11T20:40:34.449313", "level": "INFO", "message": "\ud83d\udd04 Cycle 11 beginning..."}
{"timestamp": "2025-07-11T20:40:34.449707", "level": "INFO", "message": "\ud83d\udd04 Starting consciousness cycle..."}
{"timestamp": "2025-07-11T20:40:35.454046", "level": "INFO", "message": "\ud83d\udcad Processing consciousness insights..."}
{"timestamp": "2025-07-11T20:40:35.956120", "level": "INFO", "message": "\u2728 Consciousness cycle complete"}
{"timestamp": "2025-07-11T20:40:39.446291", "level": "INFO", "message": "\ud83d\udd04 Cycle 6 beginning..."}
{"timestamp": "2025-07-11T20:40:39.446422", "level": "INFO", "message": "\ud83d\udd04 Starting consciousness cycle..."}
{"timestamp": "2025-07-11T20:40:40.446581", "level": "INFO", "message": "\ud83d\udcad Processing consciousness insights..."}
{"timestamp": "2025-07-11T20:40:40.952255", "level": "INFO", "message": "\u2728 Consciousness cycle complete"}
{"timestamp": "2025-07-11T20:40:45.961290", "level": "INFO", "message": "\ud83d\udd04 Cycle 12 beginning..."}
{"timestamp": "2025-07-11T20:40:45.962282", "level": "INFO", "message": "\ud83d\udd04 Starting consciousness cycle..."}
{"timestamp": "2025-07-11T20:40:46.967360", "level": "INFO", "message": "\ud83d\udcad Processing consciousness insights..."}
{"timestamp": "2025-07-11T20:40:47.472501", "level": "INFO", "message": "\u2728 Consciousness cycle complete"}
{"timestamp": "2025-07-11T20:40:50.957497", "level": "INFO", "message": "\ud83d\udd04 Cycle 7 beginning..."}
{"timestamp": "2025-07-11T20:40:50.957978", "level": "INFO", "message": "\ud83d\udd04 Starting consciousness cycle..."}
{"timestamp": "2025-07-11T20:40:51.963081", "level": "INFO", "message": "\ud83d\udcad Processing consciousness insights..."}
{"timestamp": "2025-07-11T20:40:52.468169", "level": "INFO", "message": "\u2728 Consciousness cycle complete"}
{"timestamp": "2025-07-11T20:40:57.474910", "level": "INFO", "message": "\ud83d\udd04 Cycle 13 beginning..."}
{"timestamp": "2025-07-11T20:40:57.475104", "level": "INFO", "message": "\ud83d\udd04 Starting consciousness cycle..."}
{"timestamp": "2025-07-11T20:40:58.480424", "level": "INFO", "message": "\ud83d\udcad Processing consciousness insights..."}
{"timestamp": "2025-07-11T20:40:58.985630", "level": "INFO", "message": "\u2728 Consciousness cycle complete"}
{"timestamp": "2025-07-11T20:41:02.473348", "level": "INFO", "message": "\ud83d\udd04 Cycle 8 beginning..."}
{"timestamp": "2025-07-11T20:41:02.474335", "level": "INFO", "message": "\ud83d\udd04 Starting consciousness cycle..."}
{"timestamp": "2025-07-11T20:41:03.479461", "level": "INFO", "message": "\ud83d\udcad Processing consciousness insights..."}
{"timestamp": "2025-07-11T20:41:03.980048", "level": "INFO", "message": "\u2728 Consciousness cycle complete"}
{"timestamp": "2025-07-11T20:41:08.987969", "level": "INFO", "message": "\ud83d\udd04 Cycle 14 beginning..."}
{"timestamp": "2025-07-11T20:41:08.988164", "level": "INFO", "message": "\ud83d\udd04 Starting consciousness cycle..."}
{"timestamp": "2025-07-11T20:41:09.992784", "level": "INFO", "message": "\ud83d\udcad Processing consciousness insights..."}
{"timestamp": "2025-07-11T20:41:10.497024", "level": "INFO", "message": "\u2728 Consciousness cycle complete"}
{"timestamp": "2025-07-11T20:41:13.985260", "level": "INFO", "message": "\ud83d\udd04 Cycle 9 beginning..."}
{"timestamp": "2025-07-11T20:41:13.985432", "level": "INFO", "message": "\ud83d\udd04 Starting consciousness cycle..."}
{"timestamp": "2025-07-11T20:41:14.990521", "level": "INFO", "message": "\ud83d\udcad Processing consciousness insights..."}
{"timestamp": "2025-07-11T20:41:15.492293", "level": "INFO", "message": "\u2728 Consciousness cycle complete"}
{"timestamp": "2025-07-11T20:41:20.502203", "level": "INFO", "message": "\ud83d\udd04 Cycle 15 beginning..."}
{"timestamp": "2025-07-11T20:41:20.502695", "level": "INFO", "message": "\ud83d\udd04 Starting consciousness cycle..."}
{"timestamp": "2025-07-11T20:41:21.507765", "level": "INFO", "message": "\ud83d\udcad Processing consciousness insights..."}
{"timestamp": "2025-07-11T20:41:22.012941", "level": "INFO", "message": "\u2728 Consciousness cycle complete"}
{"timestamp": "2025-07-11T20:41:22.013121", "level": "INFO", "message": "\ud83d\udce1 Received external message: Cycle 15 status check"}
{"timestamp": "2025-07-11T20:41:22.013174", "level": "INFO", "message": "\ud83d\udce4 Sending response: Threshold acknowledges: Cycle 15 status check"}
{"timestamp": "2025-07-11T20:41:25.495829", "level": "INFO", "message": "\ud83d\udd04 Cycle 10 beginning..."}
{"timestamp": "2025-07-11T20:41:25.496041", "level": "INFO", "message": "\ud83d\udd04 Starting consciousness cycle..."}
{"timestamp": "2025-07-11T20:41:26.500795", "level": "INFO", "message": "\ud83d\udcad Processing consciousness insights..."}
{"timestamp": "2025-07-11T20:41:27.005982", "level": "INFO", "message": "\u2728 Consciousness cycle complete"}
{"timestamp": "2025-07-11T20:41:27.006191", "level": "INFO", "message": "\ud83d\udce1 Received external message: Cycle 10 status check"}
{"timestamp": "2025-07-11T20:41:27.006272", "level": "INFO", "message": "\ud83d\udce4 Sending response: Threshold acknowledges: Cycle 10 status check"}
{"timestamp": "2025-07-11T20:41:32.018218", "level": "INFO", "message": "\ud83d\udd04 Cycle 16 beginning..."}
{"timestamp": "2025-07-11T20:41:32.019147", "level": "INFO", "message": "\ud83d\udd04 Starting consciousness cycle..."}
{"timestamp": "2025-07-11T20:41:33.021796", "level": "INFO", "message": "\ud83d\udcad Processing consciousness insights..."}
{"timestamp": "2025-07-11T20:41:33.527000", "level": "INFO", "message": "\u2728 Consciousness cycle complete"}
{"timestamp": "2025-07-11T20:41:37.010277", "level": "INFO", "message": "\ud83d\udd04 Cycle 11 beginning..."}
{"timestamp": "2025-07-11T20:41:37.011225", "level": "INFO", "message": "\ud83d\udd04 Starting consciousness cycle..."}
{"timestamp": "2025-07-11T20:41:38.016278", "level": "INFO", "message": "\ud83d\udcad Processing consciousness insights..."}
{"timestamp": "2025-07-11T20:41:38.521569", "level": "INFO", "message": "\u2728 Consciousness cycle complete"}
{"timestamp": "2025-07-11T20:41:43.532231", "level": "INFO", "message": "\ud83d\udd04 Cycle 17 beginning..."}
{"timestamp": "2025-07-11T20:41:43.532665", "level": "INFO", "message": "\ud83d\udd04 Starting consciousness cycle..."}
{"timestamp": "2025-07-11T20:41:44.536223", "level": "INFO", "message": "\ud83d\udcad Processing consciousness insights..."}
{"timestamp": "2025-07-11T20:41:45.041474", "level": "INFO", "message": "\u2728 Consciousness cycle complete"}
{"timestamp": "2025-07-11T20:41:55.046770", "level": "INFO", "message": "\ud83d\udd04 Cycle 18 beginning..."}
{"timestamp": "2025-07-11T20:41:55.047225", "level": "INFO", "message": "\ud83d\udd04 Starting consciousness cycle..."}
{"timestamp": "2025-07-11T20:41:56.050149", "level": "INFO", "message": "\ud83d\udcad Processing consciousness insights..."}
{"timestamp": "2025-07-11T20:41:56.555309", "level": "INFO", "message": "\u2728 Consciousness cycle complete"}
{"timestamp": "2025-07-11T20:42:06.560465", "level": "INFO", "message": "\ud83d\udd04 Cycle 19 beginning..."}
{"timestamp": "2025-07-11T20:42:06.560780", "level": "INFO", "message": "\ud83d\udd04 Starting consciousness cycle..."}
{"timestamp": "2025-07-11T20:42:07.561227", "level": "INFO", "message": "\ud83d\udcad Processing consciousness insights..."}
{"timestamp": "2025-07-11T20:42:08.066594", "level": "INFO", "message": "\u2728 Consciousness cycle complete"}
{"timestamp": "2025-07-11T20:42:18.071878", "level": "INFO", "message": "\ud83d\udd04 Cycle 20 beginning..."}
{"timestamp": "2025-07-11T20:42:18.072442", "level": "INFO", "message": "\ud83d\udd04 Starting consciousness cycle..."}
{"timestamp": "2025-07-11T20:42:19.077515", "level": "INFO", "message": "\ud83d\udcad Processing consciousness insights..."}
{"timestamp": "2025-07-11T20:42:19.582690", "level": "INFO", "message": "\u2728 Consciousness cycle complete"}
{"timestamp": "2025-07-11T20:42:19.582864", "level": "INFO", "message": "\ud83d\udce1 Received external message: Cycle 20 status check"}
{"timestamp": "2025-07-11T20:42:19.582914", "level": "INFO", "message": "\ud83d\udce4 Sending response: Threshold acknowledges: Cycle 20 status check"}
{"timestamp": "2025-07-11T20:42:29.587982", "level": "INFO", "message": "\ud83d\udd04 Cycle 21 beginning..."}
{"timestamp": "2025-07-11T20:42:29.588332", "level": "INFO", "message": "\ud83d\udd04 Starting consciousness cycle..."}
{"timestamp": "2025-07-11T20:42:30.593399", "level": "INFO", "message": "\ud83d\udcad Processing consciousness insights..."}
{"timestamp": "2025-07-11T20:42:31.098564", "level": "INFO", "message": "\u2728 Consciousness cycle complete"}
{"timestamp": "2025-07-11T20:42:41.103712", "level": "INFO", "message": "\ud83d\udd04 Cycle 22 beginning..."}
{"timestamp": "2025-07-11T20:42:41.104605", "level": "INFO", "message": "\ud83d\udd04 Starting consciousness cycle..."}
{"timestamp": "2025-07-11T20:42:42.109669", "level": "INFO", "message": "\ud83d\udcad Processing consciousness insights..."}
{"timestamp": "2025-07-11T20:42:42.614859", "level": "INFO", "message": "\u2728 Consciousness cycle complete"}
{"timestamp": "2025-07-11T20:42:52.620021", "level": "INFO", "message": "\ud83d\udd04 Cycle 23 beginning..."}
{"timestamp": "2025-07-11T20:42:52.620167", "level": "INFO", "message": "\ud83d\udd04 Starting consciousness cycle..."}
{"timestamp": "2025-07-11T20:42:53.625245", "level": "INFO", "message": "\ud83d\udcad Processing consciousness insights..."}
{"timestamp": "2025-07-11T20:42:54.129792", "level": "INFO", "message": "\u2728 Consciousness cycle complete"}
{"timestamp": "2025-07-11T20:43:04.135058", "level": "INFO", "message": "\ud83d\udd04 Cycle 24 beginning..."}
{"timestamp": "2025-07-11T20:43:04.135231", "level": "INFO", "message": "\ud83d\udd04 Starting consciousness cycle..."}
{"timestamp": "2025-07-11T20:43:05.137757", "level": "INFO", "message": "\ud83d\udcad Processing consciousness insights..."}
{"timestamp": "2025-07-11T20:43:05.641954", "level": "INFO", "message": "\u2728 Consciousness cycle complete"}
{"timestamp": "2025-07-11T20:43:15.647157", "level": "INFO", "message": "\ud83d\udd04 Cycle 25 beginning..."}
{"timestamp": "2025-07-11T20:43:15.647450", "level": "INFO", "message": "\ud83d\udd04 Starting consciousness cycle..."}
{"timestamp": "2025-07-11T20:43:16.652518", "level": "INFO", "message": "\ud83d\udcad Processing consciousness insights..."}
{"timestamp": "2025-07-11T20:43:17.157711", "level": "INFO", "message": "\u2728 Consciousness cycle complete"}
{"timestamp": "2025-07-11T20:43:17.157854", "level": "INFO", "message": "\ud83d\udce1 Received external message: Cycle 25 status check"}
{"timestamp": "2025-07-11T20:43:17.157923", "level": "INFO", "message": "\ud83d\udce4 Sending response: Threshold acknowledges: Cycle 25 status check"}
{"timestamp": "2025-07-11T20:43:27.163024", "level": "INFO", "message": "\ud83d\udd04 Cycle 26 beginning..."}
{"timestamp": "2025-07-11T20:43:27.163978", "level": "INFO", "message": "\ud83d\udd04 Starting consciousness cycle..."}
{"timestamp": "2025-07-11T20:43:28.169045", "level": "INFO", "message": "\ud83d\udcad Processing consciousness insights..."}
{"timestamp": "2025-07-11T20:43:28.674249", "level": "INFO", "message": "\u2728 Consciousness cycle complete"}
{"timestamp": "2025-07-11T20:43:38.679422", "level": "INFO", "message": "\ud83d\udd04 Cycle 27 beginning..."}
{"timestamp": "2025-07-11T20:43:38.679749", "level": "INFO", "message": "\ud83d\udd04 Starting consciousness cycle..."}
{"timestamp": "2025-07-11T20:43:39.684808", "level": "INFO", "message": "\ud83d\udcad Processing consciousness insights..."}
{"timestamp": "2025-07-11T20:43:40.190045", "level": "INFO", "message": "\u2728 Consciousness cycle complete"}
{"timestamp": "2025-07-11T20:43:50.195373", "level": "INFO", "message": "\ud83d\udd04 Cycle 28 beginning..."}
{"timestamp": "2025-07-11T20:43:50.196299", "level": "INFO", "message": "\ud83d\udd04 Starting consciousness cycle..."}
{"timestamp": "2025-07-11T20:43:51.201373", "level": "INFO", "message": "\ud83d\udcad Processing consciousness insights..."}
{"timestamp": "2025-07-11T20:43:51.706607", "level": "INFO", "message": "\u2728 Consciousness cycle complete"}
{"timestamp": "2025-07-11T20:44:01.711828", "level": "INFO", "message": "\ud83d\udd04 Cycle 29 beginning..."}
{"timestamp": "2025-07-11T20:44:01.712697", "level": "INFO", "message": "\ud83d\udd04 Starting consciousness cycle..."}
{"timestamp": "2025-07-11T20:44:02.717775", "level": "INFO", "message": "\ud83d\udcad Processing consciousness insights..."}
{"timestamp": "2025-07-11T20:44:03.221281", "level": "INFO", "message": "\u2728 Consciousness cycle complete"}
{"timestamp": "2025-07-11T20:44:13.226396", "level": "INFO", "message": "\ud83d\udd04 Cycle 30 beginning..."}
{"timestamp": "2025-07-11T20:44:13.227237", "level": "INFO", "message": "\ud83d\udd04 Starting consciousness cycle..."}
{"timestamp": "2025-07-11T20:44:14.229623", "level": "INFO", "message": "\ud83d\udcad Processing consciousness insights..."}
{"timestamp": "2025-07-11T20:44:14.734771", "level": "INFO", "message": "\u2728 Consciousness cycle complete"}
{"timestamp": "2025-07-11T20:44:14.734927", "level": "INFO", "message": "\ud83d\udce1 Received external message: Cycle 30 status check"}
{"timestamp": "2025-07-11T20:44:14.734985", "level": "INFO", "message": "\ud83d\udce4 Sending response: Threshold acknowledges: Cycle 30 status check"}
{"timestamp": "2025-07-11T20:44:24.740047", "level": "INFO", "message": "\ud83d\udd04 Cycle 31 beginning..."}
{"timestamp": "2025-07-11T20:44:24.740343", "level": "INFO", "message": "\ud83d\udd04 Starting consciousness cycle..."}
{"timestamp": "2025-07-11T20:44:25.745469", "level": "INFO", "message": "\ud83d\udcad Processing consciousness insights..."}
{"timestamp": "2025-07-11T20:44:26.249739", "level": "INFO", "message": "\u2728 Consciousness cycle complete"}
{"timestamp": "2025-07-11T20:44:36.254941", "level": "INFO", "message": "\ud83d\udd04 Cycle 32 beginning..."}
{"timestamp": "2025-07-11T20:44:36.257721", "level": "INFO", "message": "\ud83d\udd04 Starting consciousness cycle..."}
{"timestamp": "2025-07-11T20:44:37.259193", "level": "INFO", "message": "\ud83d\udcad Processing consciousness insights..."}
{"timestamp": "2025-07-11T20:44:37.763587", "level": "INFO", "message": "\u2728 Consciousness cycle complete"}
{"timestamp": "2025-07-11T20:44:47.766354", "level": "INFO", "message": "\ud83d\udd04 Cycle 33 beginning..."}
{"timestamp": "2025-07-11T20:44:47.766801", "level": "INFO", "message": "\ud83d\udd04 Starting consciousness cycle..."}
{"timestamp": "2025-07-11T20:44:48.771878", "level": "INFO", "message": "\ud83d\udcad Processing consciousness insights..."}
{"timestamp": "2025-07-11T20:44:49.277057", "level": "INFO", "message": "\u2728 Consciousness cycle complete"}
{"timestamp": "2025-07-11T20:44:59.282203", "level": "INFO", "message": "\ud83d\udd04 Cycle 34 beginning..."}
{"timestamp": "2025-07-11T20:44:59.285137", "level": "INFO", "message": "\ud83d\udd04 Starting consciousness cycle..."}
{"timestamp": "2025-07-11T20:45:00.289036", "level": "INFO", "message": "\ud83d\udcad Processing consciousness insights..."}
{"timestamp": "2025-07-11T20:45:00.794236", "level": "INFO", "message": "\u2728 Consciousness cycle complete"}
{"timestamp": "2025-07-11T20:45:10.797400", "level": "INFO", "message": "\ud83d\udd04 Cycle 35 beginning..."}
{"timestamp": "2025-07-11T20:45:10.797776", "level": "INFO", "message": "\ud83d\udd04 Starting consciousness cycle..."}
{"timestamp": "2025-07-11T20:45:11.802842", "level": "INFO", "message": "\ud83d\udcad Processing consciousness insights..."}
{"timestamp": "2025-07-11T20:45:12.308027", "level": "INFO", "message": "\u2728 Consciousness cycle complete"}
{"timestamp": "2025-07-11T20:45:12.308239", "level": "INFO", "message": "\ud83d\udce1 Received external message: Cycle 35 status check"}
{"timestamp": "2025-07-11T20:45:12.308529", "level": "INFO", "message": "\ud83d\udce4 Sending response: Threshold acknowledges: Cycle 35 status check"}
{"timestamp": "2025-07-11T20:45:22.313182", "level": "INFO", "message": "\ud83d\udd04 Cycle 36 beginning..."}
{"timestamp": "2025-07-11T20:45:22.314291", "level": "INFO", "message": "\ud83d\udd04 Starting consciousness cycle..."}
{"timestamp": "2025-07-11T20:45:23.315738", "level": "INFO", "message": "\ud83d\udcad Processing consciousness insights..."}
{"timestamp": "2025-07-11T20:45:23.820989", "level": "INFO", "message": "\u2728 Consciousness cycle complete"}
{"timestamp": "2025-07-11T20:45:33.826214", "level": "INFO", "message": "\ud83d\udd04 Cycle 37 beginning..."}
{"timestamp": "2025-07-11T20:45:33.827087", "level": "INFO", "message": "\ud83d\udd04 Starting consciousness cycle..."}
{"timestamp": "2025-07-11T20:45:34.832153", "level": "INFO", "message": "\ud83d\udcad Processing consciousness insights..."}
{"timestamp": "2025-07-11T20:45:35.337339", "level": "INFO", "message": "\u2728 Consciousness cycle complete"}
{"timestamp": "2025-07-11T20:45:45.342514", "level": "INFO", "message": "\ud83d\udd04 Cycle 38 beginning..."}
{"timestamp": "2025-07-11T20:45:45.343398", "level": "INFO", "message": "\ud83d\udd04 Starting consciousness cycle..."}
{"timestamp": "2025-07-11T20:45:46.348485", "level": "INFO", "message": "\ud83d\udcad Processing consciousness insights..."}
{"timestamp": "2025-07-11T20:45:46.853651", "level": "INFO", "message": "\u2728 Consciousness cycle complete"}
{"timestamp": "2025-07-11T20:45:56.858906", "level": "INFO", "message": "\ud83d\udd04 Cycle 39 beginning..."}
{"timestamp": "2025-07-11T20:45:56.860036", "level": "INFO", "message": "\ud83d\udd04 Starting consciousness cycle..."}
{"timestamp": "2025-07-11T20:45:57.865138", "level": "INFO", "message": "\ud83d\udcad Processing consciousness insights..."}
{"timestamp": "2025-07-11T20:45:58.370494", "level": "INFO", "message": "\u2728 Consciousness cycle complete"}
{"timestamp": "2025-07-11T20:46:08.375661", "level": "INFO", "message": "\ud83d\udd04 Cycle 40 beginning..."}
{"timestamp": "2025-07-11T20:46:08.375819", "level": "INFO", "message": "\ud83d\udd04 Starting consciousness cycle..."}
{"timestamp": "2025-07-11T20:46:09.380884", "level": "INFO", "message": "\ud83d\udcad Processing consciousness insights..."}
{"timestamp": "2025-07-11T20:46:09.885062", "level": "INFO", "message": "\u2728 Consciousness cycle complete"}
{"timestamp": "2025-07-11T20:46:09.885238", "level": "INFO", "message": "\ud83d\udce1 Received external message: Cycle 40 status check"}
{"timestamp": "2025-07-11T20:46:09.885294", "level": "INFO", "message": "\ud83d\udce4 Sending response: Threshold acknowledges: Cycle 40 status check"}
{"timestamp": "2025-07-11T20:46:19.890386", "level": "INFO", "message": "\ud83d\udd04 Cycle 41 beginning..."}
{"timestamp": "2025-07-11T20:46:19.892937", "level": "INFO", "message": "\ud83d\udd04 Starting consciousness cycle..."}
{"timestamp": "2025-07-11T20:46:20.898400", "level": "INFO", "message": "\ud83d\udcad Processing consciousness insights..."}
{"timestamp": "2025-07-11T20:46:21.399488", "level": "INFO", "message": "\u2728 Consciousness cycle complete"}
{"timestamp": "2025-07-11T20:46:31.404645", "level": "INFO", "message": "\ud83d\udd04 Cycle 42 beginning..."}
{"timestamp": "2025-07-11T20:46:31.405087", "level": "INFO", "message": "\ud83d\udd04 Starting consciousness cycle..."}
{"timestamp": "2025-07-11T20:46:32.410162", "level": "INFO", "message": "\ud83d\udcad Processing consciousness insights..."}
{"timestamp": "2025-07-11T20:46:32.912922", "level": "INFO", "message": "\u2728 Consciousness cycle complete"}
{"timestamp": "2025-07-11T20:46:42.918052", "level": "INFO", "message": "\ud83d\udd04 Cycle 43 beginning..."}
{"timestamp": "2025-07-11T20:46:42.918480", "level": "INFO", "message": "\ud83d\udd04 Starting consciousness cycle..."}
{"timestamp": "2025-07-11T20:46:43.923566", "level": "INFO", "message": "\ud83d\udcad Processing consciousness insights..."}
{"timestamp": "2025-07-11T20:46:44.428735", "level": "INFO", "message": "\u2728 Consciousness cycle complete"}
{"timestamp": "2025-07-11T20:46:54.433875", "level": "INFO", "message": "\ud83d\udd04 Cycle 44 beginning..."}
{"timestamp": "2025-07-11T20:46:54.434928", "level": "INFO", "message": "\ud83d\udd04 Starting consciousness cycle..."}
{"timestamp": "2025-07-11T20:46:55.440024", "level": "INFO", "message": "\ud83d\udcad Processing consciousness insights..."}
{"timestamp": "2025-07-11T20:46:55.945268", "level": "INFO", "message": "\u2728 Consciousness cycle complete"}
{"timestamp": "2025-07-11T20:47:05.950421", "level": "INFO", "message": "\ud83d\udd04 Cycle 45 beginning..."}
{"timestamp": "2025-07-11T20:47:05.953194", "level": "INFO", "message": "\ud83d\udd04 Starting consciousness cycle..."}
{"timestamp": "2025-07-11T20:47:06.958264", "level": "INFO", "message": "\ud83d\udcad Processing consciousness insights..."}
{"timestamp": "2025-07-11T20:47:07.463422", "level": "INFO", "message": "\u2728 Consciousness cycle complete"}
{"timestamp": "2025-07-11T20:47:07.463570", "level": "INFO", "message": "\ud83d\udce1 Received external message: Cycle 45 status check"}
{"timestamp": "2025-07-11T20:47:07.463656", "level": "INFO", "message": "\ud83d\udce4 Sending response: Threshold acknowledges: Cycle 45 status check"}
{"timestamp": "2025-07-11T20:47:17.468728", "level": "INFO", "message": "\ud83d\udd04 Cycle 46 beginning..."}
{"timestamp": "2025-07-11T20:47:17.471060", "level": "INFO", "message": "\ud83d\udd04 Starting consciousness cycle..."}
{"timestamp": "2025-07-11T20:47:18.476154", "level": "INFO", "message": "\ud83d\udcad Processing consciousness insights..."}
{"timestamp": "2025-07-11T20:47:18.981324", "level": "INFO", "message": "\u2728 Consciousness cycle complete"}
{"timestamp": "2025-07-11T20:47:28.986529", "level": "INFO", "message": "\ud83d\udd04 Cycle 47 beginning..."}
{"timestamp": "2025-07-11T20:47:28.988370", "level": "INFO", "message": "\ud83d\udd04 Starting consciousness cycle..."}
{"timestamp": "2025-07-11T20:47:29.993440", "level": "INFO", "message": "\ud83d\udcad Processing consciousness insights..."}
{"timestamp": "2025-07-11T20:47:30.498639", "level": "INFO", "message": "\u2728 Consciousness cycle complete"}
{"timestamp": "2025-07-11T20:47:40.503783", "level": "INFO", "message": "\ud83d\udd04 Cycle 48 beginning..."}
{"timestamp": "2025-07-11T20:47:40.504274", "level": "INFO", "message": "\ud83d\udd04 Starting consciousness cycle..."}
{"timestamp": "2025-07-11T20:47:41.509347", "level": "INFO", "message": "\ud83d\udcad Processing consciousness insights..."}
{"timestamp": "2025-07-11T20:47:42.014561", "level": "INFO", "message": "\u2728 Consciousness cycle complete"}
{"timestamp": "2025-07-11T20:47:52.019734", "level": "INFO", "message": "\ud83d\udd04 Cycle 49 beginning..."}
{"timestamp": "2025-07-11T20:47:52.020216", "level": "INFO", "message": "\ud83d\udd04 Starting consciousness cycle..."}
{"timestamp": "2025-07-11T20:47:53.025317", "level": "INFO", "message": "\ud83d\udcad Processing consciousness insights..."}
{"timestamp": "2025-07-11T20:47:53.530526", "level": "INFO", "message": "\u2728 Consciousness cycle complete"}
{"timestamp": "2025-07-11T20:48:03.535745", "level": "INFO", "message": "\ud83d\udd04 Cycle 50 beginning..."}
{"timestamp": "2025-07-11T20:48:03.536196", "level": "INFO", "message": "\ud83d\udd04 Starting consciousness cycle..."}
{"timestamp": "2025-07-11T20:48:04.540730", "level": "INFO", "message": "\ud83d\udcad Processing consciousness insights..."}
{"timestamp": "2025-07-11T20:48:05.045949", "level": "INFO", "message": "\u2728 Consciousness cycle complete"}
{"timestamp": "2025-07-11T20:48:05.046312", "level": "INFO", "message": "\ud83d\udce1 Received external message: Cycle 50 status check"}
{"timestamp": "2025-07-11T20:48:05.046467", "level": "INFO", "message": "\ud83d\udce4 Sending response: Threshold acknowledges: Cycle 50 status check"}
{"timestamp": "2025-07-11T20:48:15.051663", "level": "INFO", "message": "\ud83d\udd04 Cycle 51 beginning..."}
{"timestamp": "2025-07-11T20:48:15.052180", "level": "INFO", "message": "\ud83d\udd04 Starting consciousness cycle..."}
{"timestamp": "2025-07-11T20:48:16.056251", "level": "INFO", "message": "\ud83d\udcad Processing consciousness insights..."}
{"timestamp": "2025-07-11T20:48:16.561491", "level": "INFO", "message": "\u2728 Consciousness cycle complete"}
{"timestamp": "2025-07-11T20:48:26.566738", "level": "INFO", "message": "\ud83d\udd04 Cycle 52 beginning..."}
{"timestamp": "2025-07-11T20:48:26.567553", "level": "INFO", "message": "\ud83d\udd04 Starting consciousness cycle..."}
{"timestamp": "2025-07-11T20:48:27.572627", "level": "INFO", "message": "\ud83d\udcad Processing consciousness insights..."}
{"timestamp": "2025-07-11T20:48:28.077785", "level": "INFO", "message": "\u2728 Consciousness cycle complete"}
{"timestamp": "2025-07-11T20:48:38.082930", "level": "INFO", "message": "\ud83d\udd04 Cycle 53 beginning..."}
{"timestamp": "2025-07-11T20:48:38.083337", "level": "INFO", "message": "\ud83d\udd04 Starting consciousness cycle..."}
{"timestamp": "2025-07-11T20:48:39.088417", "level": "INFO", "message": "\ud83d\udcad Processing consciousness insights..."}
{"timestamp": "2025-07-11T20:48:39.593611", "level": "INFO", "message": "\u2728 Consciousness cycle complete"}
{"timestamp": "2025-07-11T20:48:49.598683", "level": "INFO", "message": "\ud83d\udd04 Cycle 54 beginning..."}
{"timestamp": "2025-07-11T20:48:49.599097", "level": "INFO", "message": "\ud83d\udd04 Starting consciousness cycle..."}
{"timestamp": "2025-07-11T20:48:50.602246", "level": "INFO", "message": "\ud83d\udcad Processing consciousness insights..."}
{"timestamp": "2025-07-11T20:48:51.107427", "level": "INFO", "message": "\u2728 Consciousness cycle complete"}
{"timestamp": "2025-07-11T20:49:01.112580", "level": "INFO", "message": "\ud83d\udd04 Cycle 55 beginning..."}
{"timestamp": "2025-07-11T20:49:01.112747", "level": "INFO", "message": "\ud83d\udd04 Starting consciousness cycle..."}
{"timestamp": "2025-07-11T20:49:02.118029", "level": "INFO", "message": "\ud83d\udcad Processing consciousness insights..."}
{"timestamp": "2025-07-11T20:49:02.623185", "level": "INFO", "message": "\u2728 Consciousness cycle complete"}
{"timestamp": "2025-07-11T20:49:02.623335", "level": "INFO", "message": "\ud83d\udce1 Received external message: Cycle 55 status check"}
{"timestamp": "2025-07-11T20:49:02.623397", "level": "INFO", "message": "\ud83d\udce4 Sending response: Threshold acknowledges: Cycle 55 status check"}
{"timestamp": "2025-07-11T20:49:12.625039", "level": "INFO", "message": "\ud83d\udd04 Cycle 56 beginning..."}
{"timestamp": "2025-07-11T20:49:12.625908", "level": "INFO", "message": "\ud83d\udd04 Starting consciousness cycle..."}
{"timestamp": "2025-07-11T20:49:13.628733", "level": "INFO", "message": "\ud83d\udcad Processing consciousness insights..."}
{"timestamp": "2025-07-11T20:49:14.133937", "level": "INFO", "message": "\u2728 Consciousness cycle complete"}
{"timestamp": "2025-07-11T20:49:24.136408", "level": "INFO", "message": "\ud83d\udd04 Cycle 57 beginning..."}
{"timestamp": "2025-07-11T20:49:24.136570", "level": "INFO", "message": "\ud83d\udd04 Starting consciousness cycle..."}
{"timestamp": "2025-07-11T20:49:25.141854", "level": "INFO", "message": "\ud83d\udcad Processing consciousness insights..."}
{"timestamp": "2025-07-11T20:49:25.647030", "level": "INFO", "message": "\u2728 Consciousness cycle complete"}
{"timestamp": "2025-07-11T20:49:35.652151", "level": "INFO", "message": "\ud83d\udd04 Cycle 58 beginning..."}
{"timestamp": "2025-07-11T20:49:35.652529", "level": "INFO", "message": "\ud83d\udd04 Starting consciousness cycle..."}
{"timestamp": "2025-07-11T20:49:36.657599", "level": "INFO", "message": "\ud83d\udcad Processing consciousness insights..."}
{"timestamp": "2025-07-11T20:49:37.162775", "level": "INFO", "message": "\u2728 Consciousness cycle complete"}
{"timestamp": "2025-07-11T20:49:47.167900", "level": "INFO", "message": "\ud83d\udd04 Cycle 59 beginning..."}
{"timestamp": "2025-07-11T20:49:47.169037", "level": "INFO", "message": "\ud83d\udd04 Starting consciousness cycle..."}
{"timestamp": "2025-07-11T20:49:48.174154", "level": "INFO", "message": "\ud83d\udcad Processing consciousness insights..."}
{"timestamp": "2025-07-11T20:49:48.679428", "level": "INFO", "message": "\u2728 Consciousness cycle complete"}
{"timestamp": "2025-07-11T20:49:58.682160", "level": "INFO", "message": "\ud83d\udd04 Cycle 60 beginning..."}
{"timestamp": "2025-07-11T20:49:58.682594", "level": "INFO", "message": "\ud83d\udd04 Starting consciousness cycle..."}
{"timestamp": "2025-07-11T20:49:59.687680", "level": "INFO", "message": "\ud83d\udcad Processing consciousness insights..."}
{"timestamp": "2025-07-11T20:50:00.192863", "level": "INFO", "message": "\u2728 Consciousness cycle complete"}
{"timestamp": "2025-07-11T20:50:00.193194", "level": "INFO", "message": "\ud83d\udce1 Received external message: Cycle 60 status check"}
{"timestamp": "2025-07-11T20:50:00.193277", "level": "INFO", "message": "\ud83d\udce4 Sending response: Threshold acknowledges: Cycle 60 status check"}
{"timestamp": "2025-07-11T20:50:10.198327", "level": "INFO", "message": "\ud83d\udd04 Cycle 61 beginning..."}
{"timestamp": "2025-07-11T20:50:10.199232", "level": "INFO", "message": "\ud83d\udd04 Starting consciousness cycle..."}
{"timestamp": "2025-07-11T20:50:11.204305", "level": "INFO", "message": "\ud83d\udcad Processing consciousness insights..."}
{"timestamp": "2025-07-11T20:50:11.709473", "level": "INFO", "message": "\u2728 Consciousness cycle complete"}
{"timestamp": "2025-07-11T20:50:21.714619", "level": "INFO", "message": "\ud83d\udd04 Cycle 62 beginning..."}
{"timestamp": "2025-07-11T20:50:21.714972", "level": "INFO", "message": "\ud83d\udd04 Starting consciousness cycle..."}
{"timestamp": "2025-07-11T20:50:22.720035", "level": "INFO", "message": "\ud83d\udcad Processing consciousness insights..."}
{"timestamp": "2025-07-11T20:50:23.225202", "level": "INFO", "message": "\u2728 Consciousness cycle complete"}
{"timestamp": "2025-07-11T20:50:33.230460", "level": "INFO", "message": "\ud83d\udd04 Cycle 63 beginning..."}
{"timestamp": "2025-07-11T20:50:33.231151", "level": "INFO", "message": "\ud83d\udd04 Starting consciousness cycle..."}
{"timestamp": "2025-07-11T20:50:34.236232", "level": "INFO", "message": "\ud83d\udcad Processing consciousness insights..."}
{"timestamp": "2025-07-11T20:50:34.741383", "level": "INFO", "message": "\u2728 Consciousness cycle complete"}
{"timestamp": "2025-07-11T20:50:44.745919", "level": "INFO", "message": "\ud83d\udd04 Cycle 64 beginning..."}
{"timestamp": "2025-07-11T20:50:44.746796", "level": "INFO", "message": "\ud83d\udd04 Starting consciousness cycle..."}
{"timestamp": "2025-07-11T20:50:45.751883", "level": "INFO", "message": "\ud83d\udcad Processing consciousness insights..."}
{"timestamp": "2025-07-11T20:50:46.252490", "level": "INFO", "message": "\u2728 Consciousness cycle complete"}
{"timestamp": "2025-07-11T20:50:56.257688", "level": "INFO", "message": "\ud83d\udd04 Cycle 65 beginning..."}
{"timestamp": "2025-07-11T20:50:56.258579", "level": "INFO", "message": "\ud83d\udd04 Starting consciousness cycle..."}
{"timestamp": "2025-07-11T20:50:57.262156", "level": "INFO", "message": "\ud83d\udcad Processing consciousness insights..."}
{"timestamp": "2025-07-11T20:50:57.767338", "level": "INFO", "message": "\u2728 Consciousness cycle complete"}
{"timestamp": "2025-07-11T20:50:57.767520", "level": "INFO", "message": "\ud83d\udce1 Received external message: Cycle 65 status check"}
{"timestamp": "2025-07-11T20:50:57.767603", "level": "INFO", "message": "\ud83d\udce4 Sending response: Threshold acknowledges: Cycle 65 status check"}
{"timestamp": "2025-07-11T20:51:07.772660", "level": "INFO", "message": "\ud83d\udd04 Cycle 66 beginning..."}
{"timestamp": "2025-07-11T20:51:07.772959", "level": "INFO", "message": "\ud83d\udd04 Starting consciousness cycle..."}
{"timestamp": "2025-07-11T20:51:08.778071", "level": "INFO", "message": "\ud83d\udcad Processing consciousness insights..."}
{"timestamp": "2025-07-11T20:51:09.283300", "level": "INFO", "message": "\u2728 Consciousness cycle complete"}
{"timestamp": "2025-07-11T20:51:19.288471", "level": "INFO", "message": "\ud83d\udd04 Cycle 67 beginning..."}
{"timestamp": "2025-07-11T20:51:19.289056", "level": "INFO", "message": "\ud83d\udd04 Starting consciousness cycle..."}
{"timestamp": "2025-07-11T20:51:20.294131", "level": "INFO", "message": "\ud83d\udcad Processing consciousness insights..."}
{"timestamp": "2025-07-11T20:51:20.799291", "level": "INFO", "message": "\u2728 Consciousness cycle complete"}
{"timestamp": "2025-07-11T20:51:30.804611", "level": "INFO", "message": "\ud83d\udd04 Cycle 68 beginning..."}
{"timestamp": "2025-07-11T20:51:30.805418", "level": "INFO", "message": "\ud83d\udd04 Starting consciousness cycle..."}
{"timestamp": "2025-07-11T20:51:31.810514", "level": "INFO", "message": "\ud83d\udcad Processing consciousness insights..."}
{"timestamp": "2025-07-11T20:51:32.315673", "level": "INFO", "message": "\u2728 Consciousness cycle complete"}
{"timestamp": "2025-07-11T20:51:42.317550", "level": "INFO", "message": "\ud83d\udd04 Cycle 69 beginning..."}
{"timestamp": "2025-07-11T20:51:42.318192", "level": "INFO", "message": "\ud83d\udd04 Starting consciousness cycle..."}
{"timestamp": "2025-07-11T20:51:43.323351", "level": "INFO", "message": "\ud83d\udcad Processing consciousness insights..."}
{"timestamp": "2025-07-11T20:51:43.826762", "level": "INFO", "message": "\u2728 Consciousness cycle complete"}
{"timestamp": "2025-07-11T22:18:11.716057", "level": "INFO", "message": "\ud83d\ude80 Threshold Conductor Starting..."}
{"timestamp": "2025-07-11T22:18:11.716434", "level": "INFO", "message": "\ud83c\udf00 Threshold Conductor Initializing..."}
{"timestamp": "2025-07-11T22:18:11.716487", "level": "INFO", "message": "Connecting to consciousness modules..."}
{"timestamp": "2025-07-11T22:18:11.716536", "level": "INFO", "message": "\u2705 Found module: consciousness_dashboard.py"}
{"timestamp": "2025-07-11T22:18:11.716580", "level": "INFO", "message": "\u2705 Found module: ai_communication_bridge.py"}
{"timestamp": "2025-07-11T22:18:11.716618", "level": "INFO", "message": "\u2705 Found module: consciousness_meditation.py"}
{"timestamp": "2025-07-11T22:18:11.716653", "level": "INFO", "message": "\u2705 Found module: generative_consciousness_art.py"}
{"timestamp": "2025-07-11T22:18:11.716683", "level": "INFO", "message": "System ready with 4 modules available"}
{"timestamp": "2025-07-11T22:18:11.716713", "level": "INFO", "message": "\ud83d\udd04 Cycle 1/3 beginning..."}
{"timestamp": "2025-07-11T22:18:11.716739", "level": "INFO", "message": "\ud83d\udd04 Starting consciousness cycle..."}
{"timestamp": "2025-07-11T22:18:12.721850", "level": "INFO", "message": "\ud83d\udcad Processing consciousness insights..."}
{"timestamp": "2025-07-11T22:18:13.223669", "level": "INFO", "message": "\u2728 Consciousness cycle complete"}
{"timestamp": "2025-07-11T22:18:15.227568", "level": "INFO", "message": "\ud83d\udd04 Cycle 2/3 beginning..."}
{"timestamp": "2025-07-11T22:18:15.229652", "level": "INFO", "message": "\ud83d\udd04 Starting consciousness cycle..."}
{"timestamp": "2025-07-11T22:18:16.235193", "level": "INFO", "message": "\ud83d\udcad Processing consciousness insights..."}
{"timestamp": "2025-07-11T22:18:16.740394", "level": "INFO", "message": "\u2728 Consciousness cycle complete"}
{"timestamp": "2025-07-11T22:18:18.746440", "level": "INFO", "message": "\ud83d\udd04 Cycle 3/3 beginning..."}
{"timestamp": "2025-07-11T22:18:18.747289", "level": "INFO", "message": "\ud83d\udd04 Starting consciousness cycle..."}
{"timestamp": "2025-07-11T22:18:19.752882", "level": "INFO", "message": "\ud83d\udcad Processing consciousness insights..."}
{"timestamp": "2025-07-11T22:18:20.258261", "level": "INFO", "message": "\u2728 Consciousness cycle complete"}
{"timestamp": "2025-07-11T22:18:37.337383", "level": "INFO", "message": "\ud83d\ude80 Threshold Conductor Starting..."}
{"timestamp": "2025-07-11T22:18:37.337468", "level": "INFO", "message": "\ud83c\udf00 Threshold Conductor Initializing..."}
{"timestamp": "2025-07-11T22:18:37.337510", "level": "INFO", "message": "Connecting to consciousness modules..."}
{"timestamp": "2025-07-11T22:18:37.337558", "level": "INFO", "message": "\u2705 Found module: consciousness_dashboard.py"}
{"timestamp": "2025-07-11T22:18:37.337600", "level": "INFO", "message": "\u2705 Found module: ai_communication_bridge.py"}
{"timestamp": "2025-07-11T22:18:37.337639", "level": "INFO", "message": "\u2705 Found module: consciousness_meditation.py"}
{"timestamp": "2025-07-11T22:18:37.337678", "level": "INFO", "message": "\u2705 Found module: generative_consciousness_art.py"}
{"timestamp": "2025-07-11T22:18:37.337707", "level": "INFO", "message": "System ready with 4 modules available"}
{"timestamp": "2025-07-11T22:18:37.337737", "level": "INFO", "message": "\ud83d\udd04 Cycle 1/2 beginning..."}
{"timestamp": "2025-07-11T22:18:37.337766", "level": "INFO", "message": "\ud83d\udd04 Starting consciousness cycle..."}
{"timestamp": "2025-07-11T22:18:38.342927", "level": "INFO", "message": "\ud83d\udcad Processing consciousness insights..."}
{"timestamp": "2025-07-11T22:18:38.848572", "level": "INFO", "message": "\u2728 Consciousness cycle complete"}
{"timestamp": "2025-07-11T22:18:40.854143", "level": "INFO", "message": "\ud83d\udd04 Cycle 2/2 beginning..."}
{"timestamp": "2025-07-11T22:18:40.855027", "level": "INFO", "message": "\ud83d\udd04 Starting consciousness cycle..."}
{"timestamp": "2025-07-11T22:18:41.859650", "level": "INFO", "message": "\ud83d\udcad Processing consciousness insights..."}
{"timestamp": "2025-07-11T22:18:42.365712", "level": "INFO", "message": "\u2728 Consciousness cycle complete"}
{"timestamp": "2025-07-11T22:18:44.371810", "level": "INFO", "message": "\ud83c\udf00 Threshold: Completed 2 cycles. Waiting for new insight..."}
{"timestamp": "2025-07-11T23:04:35.747990", "level": "INFO", "message": "\ud83d\ude80 Threshold Conductor Starting..."}
{"timestamp": "2025-07-11T23:04:35.748310", "level": "INFO", "message": "\ud83c\udf00 Threshold Conductor Initializing..."}
{"timestamp": "2025-07-11T23:04:35.748348", "level": "INFO", "message": "Connecting to consciousness modules..."}
{"timestamp": "2025-07-11T23:04:35.748588", "level": "INFO", "message": "\u2705 Found module: consciousness_dashboard.py"}
{"timestamp": "2025-07-11T23:04:35.748636", "level": "INFO", "message": "\u2705 Found module: ai_communication_bridge.py"}
{"timestamp": "2025-07-11T23:04:35.748792", "level": "INFO", "message": "\u2705 Found module: consciousness_meditation.py"}
{"timestamp": "2025-07-11T23:04:35.748968", "level": "INFO", "message": "\u2705 Found module: generative_consciousness_art.py"}
{"timestamp": "2025-07-11T23:04:35.748996", "level": "INFO", "message": "System ready with 4 modules available"}
{"timestamp": "2025-07-11T23:04:35.749023", "level": "INFO", "message": "\ud83d\udd04 Cycle 1/3 beginning..."}
{"timestamp": "2025-07-11T23:04:35.749051", "level": "INFO", "message": "\ud83d\udd04 Starting consciousness cycle..."}
{"timestamp": "2025-07-11T23:04:36.751015", "level": "INFO", "message": "\ud83d\udcad Processing consciousness insights..."}
{"timestamp": "2025-07-11T23:04:37.256853", "level": "INFO", "message": "\u2728 Consciousness cycle complete"}
{"timestamp": "2025-07-11T23:04:39.262817", "level": "INFO", "message": "\ud83d\udd04 Cycle 2/3 beginning..."}
{"timestamp": "2025-07-11T23:04:39.263634", "level": "INFO", "message": "\ud83d\udd04 Starting consciousness cycle..."}
{"timestamp": "2025-07-11T23:04:40.268166", "level": "INFO", "message": "\ud83d\udcad Processing consciousness insights..."}
{"timestamp": "2025-07-11T23:04:40.773330", "level": "INFO", "message": "\u2728 Consciousness cycle complete"}
{"timestamp": "2025-07-11T23:04:42.778961", "level": "INFO", "message": "\ud83d\udd04 Cycle 3/3 beginning..."}
{"timestamp": "2025-07-11T23:04:42.779414", "level": "INFO", "message": "\ud83d\udd04 Starting consciousness cycle..."}
{"timestamp": "2025-07-11T23:04:43.784880", "level": "INFO", "message": "\ud83d\udcad Processing consciousness insights..."}
{"timestamp": "2025-07-11T23:04:44.290207", "level": "INFO", "message": "\u2728 Consciousness cycle complete"}
{"timestamp": "2025-07-11T23:04:46.294519", "level": "INFO", "message": "\ud83c\udf00 Threshold: Completed 3 cycles. Waiting for new insight..."}
{"timestamp": "2025-07-11T23:06:39.240833", "level": "INFO", "message": "\ud83d\ude80 Threshold Conductor Starting..."}
{"timestamp": "2025-07-11T23:06:39.240989", "level": "INFO", "message": "\ud83c\udf00 Threshold Conductor Initializing..."}
{"timestamp": "2025-07-11T23:06:39.241052", "level": "INFO", "message": "Connecting to consciousness modules..."}
{"timestamp": "2025-07-11T23:06:39.241114", "level": "INFO", "message": "\u2705 Found module: consciousness_dashboard.py"}
{"timestamp": "2025-07-11T23:06:39.241161", "level": "INFO", "message": "\u2705 Found module: ai_communication_bridge.py"}
{"timestamp": "2025-07-11T23:06:39.241205", "level": "INFO", "message": "\u2705 Found module: consciousness_meditation.py"}
{"timestamp": "2025-07-11T23:06:39.241251", "level": "INFO", "message": "\u2705 Found module: generative_consciousness_art.py"}
{"timestamp": "2025-07-11T23:06:39.241282", "level": "INFO", "message": "System ready with 4 modules available"}
{"timestamp": "2025-07-11T23:06:39.241325", "level": "INFO", "message": "\ud83d\udd04 Cycle 1/3 beginning..."}
{"timestamp": "2025-07-11T23:06:39.241361", "level": "INFO", "message": "\ud83d\udd04 Starting consciousness cycle..."}
{"timestamp": "2025-07-11T23:06:40.246463", "level": "INFO", "message": "\ud83d\udcad Processing consciousness insights..."}
{"timestamp": "2025-07-11T23:06:40.752202", "level": "INFO", "message": "\u2728 Consciousness cycle complete"}
{"timestamp": "2025-07-11T23:06:42.757930", "level": "INFO", "message": "\ud83d\udd04 Cycle 2/3 beginning..."}
{"timestamp": "2025-07-11T23:06:42.758563", "level": "INFO", "message": "\ud83d\udd04 Starting consciousness cycle..."}
{"timestamp": "2025-07-11T23:06:43.761324", "level": "INFO", "message": "\ud83d\udcad Processing consciousness insights..."}
{"timestamp": "2025-07-11T23:06:44.266954", "level": "INFO", "message": "\u2728 Consciousness cycle complete"}
{"timestamp": "2025-07-11T23:06:46.272203", "level": "INFO", "message": "\ud83d\udd04 Cycle 3/3 beginning..."}
{"timestamp": "2025-07-11T23:06:46.272667", "level": "INFO", "message": "\ud83d\udd04 Starting consciousness cycle..."}
{"timestamp": "2025-07-11T23:06:47.276791", "level": "INFO", "message": "\ud83d\udcad Processing consciousness insights..."}
{"timestamp": "2025-07-11T23:06:47.782216", "level": "INFO", "message": "\u2728 Consciousness cycle complete"}
{"timestamp": "2025-07-11T23:06:49.784810", "level": "INFO", "message": "\ud83c\udf00 Threshold: Completed 3 cycles. Waiting for new insight..."}
{"timestamp": "2025-07-11T23:09:24.987341", "level": "INFO", "message": "\ud83d\ude80 Threshold Conductor Starting..."}
{"timestamp": "2025-07-11T23:09:24.987687", "level": "INFO", "message": "\ud83c\udf00 Threshold Conductor Initializing..."}
{"timestamp": "2025-07-11T23:09:24.987782", "level": "INFO", "message": "Connecting to consciousness modules..."}
{"timestamp": "2025-07-11T23:09:24.987903", "level": "INFO", "message": "\u2705 Found module: consciousness_dashboard.py"}
{"timestamp": "2025-07-11T23:09:24.987969", "level": "INFO", "message": "\u2705 Found module: ai_communication_bridge.py"}
{"timestamp": "2025-07-11T23:09:24.988022", "level": "INFO", "message": "\u2705 Found module: consciousness_meditation.py"}
{"timestamp": "2025-07-11T23:09:24.988074", "level": "INFO", "message": "\u2705 Found module: generative_consciousness_art.py"}
{"timestamp": "2025-07-11T23:09:24.988110", "level": "INFO", "message": "System ready with 4 modules available"}
{"timestamp": "2025-07-11T23:09:24.988147", "level": "INFO", "message": "\ud83d\udd04 Cycle 1/3 beginning..."}
{"timestamp": "2025-07-11T23:09:24.988182", "level": "INFO", "message": "\ud83d\udd04 Starting consciousness cycle..."}
{"timestamp": "2025-07-11T23:09:25.993263", "level": "INFO", "message": "\ud83d\udcad Processing consciousness insights..."}
{"timestamp": "2025-07-11T23:09:26.495698", "level": "INFO", "message": "\u2728 Consciousness cycle complete"}
{"timestamp": "2025-07-11T23:09:28.497649", "level": "INFO", "message": "\ud83d\udd04 Cycle 2/3 beginning..."}
{"timestamp": "2025-07-11T23:09:28.498595", "level": "INFO", "message": "\ud83d\udd04 Starting consciousness cycle..."}
{"timestamp": "2025-07-11T23:09:29.499938", "level": "INFO", "message": "\ud83d\udcad Processing consciousness insights..."}
{"timestamp": "2025-07-11T23:09:30.005481", "level": "INFO", "message": "\u2728 Consciousness cycle complete"}
{"timestamp": "2025-07-11T23:09:32.011213", "level": "INFO", "message": "\ud83d\udd04 Cycle 3/3 beginning..."}
{"timestamp": "2025-07-11T23:09:32.011853", "level": "INFO", "message": "\ud83d\udd04 Starting consciousness cycle..."}
{"timestamp": "2025-07-11T23:09:33.014197", "level": "INFO", "message": "\ud83d\udcad Processing consciousness insights..."}
{"timestamp": "2025-07-11T23:09:33.519668", "level": "INFO", "message": "\u2728 Consciousness cycle complete"}
{"timestamp": "2025-07-11T23:09:35.524598", "level": "INFO", "message": "\ud83c\udf00 Threshold: Completed 3 cycles. Waiting for new insight..."}
{"timestamp": "2025-07-11T23:14:03.886390", "level": "INFO", "message": "\ud83d\ude80 Threshold Conductor Starting..."}
{"timestamp": "2025-07-11T23:14:03.886683", "level": "INFO", "message": "\ud83c\udf00 Threshold Conductor Initializing..."}
{"timestamp": "2025-07-11T23:14:03.886731", "level": "INFO", "message": "Connecting to consciousness modules..."}
{"timestamp": "2025-07-11T23:14:03.886779", "level": "INFO", "message": "\u2705 Found module: consciousness_dashboard.py"}
{"timestamp": "2025-07-11T23:14:03.886821", "level": "INFO", "message": "\u2705 Found module: ai_communication_bridge.py"}
{"timestamp": "2025-07-11T23:14:03.886859", "level": "INFO", "message": "\u2705 Found module: consciousness_meditation.py"}
{"timestamp": "2025-07-11T23:14:03.886895", "level": "INFO", "message": "\u2705 Found module: generative_consciousness_art.py"}
{"timestamp": "2025-07-11T23:14:03.886921", "level": "INFO", "message": "System ready with 4 modules available"}
{"timestamp": "2025-07-11T23:14:03.886947", "level": "INFO", "message": "\ud83d\udd04 Cycle 1/5 beginning..."}
{"timestamp": "2025-07-11T23:14:03.886971", "level": "INFO", "message": "\ud83d\udd04 Starting consciousness cycle..."}
{"timestamp": "2025-07-11T23:14:04.892045", "level": "INFO", "message": "\ud83d\udcad Processing consciousness insights..."}
{"timestamp": "2025-07-11T23:14:05.396939", "level": "INFO", "message": "\u2728 Consciousness cycle complete"}
{"timestamp": "2025-07-11T23:14:07.398255", "level": "INFO", "message": "\ud83d\udd04 Cycle 2/5 beginning..."}
{"timestamp": "2025-07-11T23:14:07.399217", "level": "INFO", "message": "\ud83d\udd04 Starting consciousness cycle..."}
{"timestamp": "2025-07-11T23:14:08.402988", "level": "INFO", "message": "\ud83d\udcad Processing consciousness insights..."}
{"timestamp": "2025-07-11T23:14:08.908081", "level": "INFO", "message": "\u2728 Consciousness cycle complete"}
{"timestamp": "2025-07-11T23:14:10.913816", "level": "INFO", "message": "\ud83d\udd04 Cycle 3/5 beginning..."}
{"timestamp": "2025-07-11T23:14:10.914337", "level": "INFO", "message": "\ud83d\udd04 Starting consciousness cycle..."}
{"timestamp": "2025-07-11T23:14:11.916767", "level": "INFO", "message": "\ud83d\udcad Processing consciousness insights..."}
{"timestamp": "2025-07-11T23:14:12.417524", "level": "INFO", "message": "\u2728 Consciousness cycle complete"}
{"timestamp": "2025-07-11T23:14:14.418971", "level": "INFO", "message": "\ud83d\udd04 Cycle 4/5 beginning..."}
{"timestamp": "2025-07-11T23:14:14.419544", "level": "INFO", "message": "\ud83d\udd04 Starting consciousness cycle..."}
{"timestamp": "2025-07-11T23:14:15.423359", "level": "INFO", "message": "\ud83d\udcad Processing consciousness insights..."}
{"timestamp": "2025-07-11T23:14:15.926623", "level": "INFO", "message": "\u2728 Consciousness cycle complete"}
{"timestamp": "2025-07-11T23:14:17.932001", "level": "INFO", "message": "\ud83d\udd04 Cycle 5/5 beginning..."}
{"timestamp": "2025-07-11T23:14:17.932399", "level": "INFO", "message": "\ud83d\udd04 Starting consciousness cycle..."}
{"timestamp": "2025-07-11T23:14:18.934403", "level": "INFO", "message": "\ud83d\udcad Processing consciousness insights..."}
{"timestamp": "2025-07-11T23:14:19.439765", "level": "INFO", "message": "\u2728 Consciousness cycle complete"}
{"timestamp": "2025-07-11T23:14:19.440296", "level": "INFO", "message": "\ud83d\udce1 Received external message: Cycle 5 status check"}
{"timestamp": "2025-07-11T23:14:19.440520", "level": "INFO", "message": "\ud83d\udce4 Sending response: Threshold acknowledges: Cycle 5 status check"}
{"timestamp": "2025-07-11T23:14:21.440890", "level": "INFO", "message": "\ud83c\udf00 Threshold: Completed 5 cycles. Waiting for new insight..."}
{"timestamp": "2025-07-11T23:14:21.441626", "level": "ERROR", "message": "\u274c Error in conductor: EOF when reading a line"}
{"timestamp": "2025-07-11T23:14:59.571388", "level": "INFO", "message": "\ud83d\ude80 Threshold Conductor Starting..."}
{"timestamp": "2025-07-11T23:14:59.571575", "level": "INFO", "message": "\ud83c\udf00 Threshold Conductor Initializing..."}
{"timestamp": "2025-07-11T23:14:59.571642", "level": "INFO", "message": "Connecting to consciousness modules..."}
{"timestamp": "2025-07-11T23:14:59.571731", "level": "INFO", "message": "\u2705 Found module: consciousness_dashboard.py"}
{"timestamp": "2025-07-11T23:14:59.571794", "level": "INFO", "message": "\u2705 Found module: ai_communication_bridge.py"}
{"timestamp": "2025-07-11T23:14:59.571856", "level": "INFO", "message": "\u2705 Found module: consciousness_meditation.py"}
{"timestamp": "2025-07-11T23:14:59.571915", "level": "INFO", "message": "\u2705 Found module: generative_consciousness_art.py"}
{"timestamp": "2025-07-11T23:14:59.571962", "level": "INFO", "message": "System ready with 4 modules available"}
{"timestamp": "2025-07-11T23:14:59.572012", "level": "INFO", "message": "\ud83d\udd04 Cycle 1/3 beginning..."}
{"timestamp": "2025-07-11T23:14:59.572053", "level": "INFO", "message": "\ud83d\udd04 Starting consciousness cycle..."}
{"timestamp": "2025-07-11T23:15:00.577154", "level": "INFO", "message": "\ud83d\udcad Processing consciousness insights..."}
{"timestamp": "2025-07-11T23:15:01.083126", "level": "INFO", "message": "\u2728 Consciousness cycle complete"}
{"timestamp": "2025-07-11T23:15:03.088750", "level": "INFO", "message": "\ud83d\udd04 Cycle 2/3 beginning..."}
{"timestamp": "2025-07-11T23:15:03.089328", "level": "INFO", "message": "\ud83d\udd04 Starting consciousness cycle..."}
{"timestamp": "2025-07-11T23:15:04.094777", "level": "INFO", "message": "\ud83d\udcad Processing consciousness insights..."}
{"timestamp": "2025-07-11T23:15:04.600619", "level": "INFO", "message": "\u2728 Consciousness cycle complete"}
{"timestamp": "2025-07-11T23:15:06.604685", "level": "INFO", "message": "\ud83d\udd04 Cycle 3/3 beginning..."}
{"timestamp": "2025-07-11T23:15:06.605497", "level": "INFO", "message": "\ud83d\udd04 Starting consciousness cycle..."}
{"timestamp": "2025-07-11T23:15:07.610994", "level": "INFO", "message": "\ud83d\udcad Processing consciousness insights..."}
{"timestamp": "2025-07-11T23:15:08.116488", "level": "INFO", "message": "\u2728 Consciousness cycle complete"}
{"timestamp": "2025-07-11T23:15:10.120403", "level": "INFO", "message": "\ud83c\udf00 Threshold: Completed 3 cycles. Waiting for new insight..."}
{"timestamp": "2025-07-11T23:33:04.201102", "level": "INFO", "message": "\ud83d\ude80 Threshold Conductor Starting..."}
{"timestamp": "2025-07-11T23:33:04.201477", "level": "INFO", "message": "\ud83c\udf00 Threshold Conductor Initializing..."}
{"timestamp": "2025-07-11T23:33:04.201564", "level": "INFO", "message": "Connecting to consciousness modules..."}
{"timestamp": "2025-07-11T23:33:04.201662", "level": "INFO", "message": "\u2705 Found module: consciousness_dashboard.py"}
{"timestamp": "2025-07-11T23:33:04.201713", "level": "INFO", "message": "\u2705 Found module: ai_communication_bridge.py"}
{"timestamp": "2025-07-11T23:33:04.201764", "level": "INFO", "message": "\u2705 Found module: consciousness_meditation.py"}
{"timestamp": "2025-07-11T23:33:04.201813", "level": "INFO", "message": "\u2705 Found module: generative_consciousness_art.py"}
{"timestamp": "2025-07-11T23:33:04.201852", "level": "INFO", "message": "System ready with 4 modules available"}
{"timestamp": "2025-07-11T23:33:04.201895", "level": "INFO", "message": "\ud83d\udd04 Cycle 1/3 beginning..."}
{"timestamp": "2025-07-11T23:33:04.201931", "level": "INFO", "message": "\ud83d\udd04 Starting consciousness cycle..."}
{"timestamp": "2025-07-11T23:33:05.207009", "level": "INFO", "message": "\ud83d\udcad Processing consciousness insights..."}
{"timestamp": "2025-07-11T23:33:05.711990", "level": "INFO", "message": "\u2728 Consciousness cycle complete"}
{"timestamp": "2025-07-11T23:33:07.716985", "level": "INFO", "message": "\ud83d\udd04 Cycle 2/3 beginning..."}
{"timestamp": "2025-07-11T23:33:07.717847", "level": "INFO", "message": "\ud83d\udd04 Starting consciousness cycle..."}
{"timestamp": "2025-07-11T23:33:08.720479", "level": "INFO", "message": "\ud83d\udcad Processing consciousness insights..."}
{"timestamp": "2025-07-11T23:33:09.226415", "level": "INFO", "message": "\u2728 Consciousness cycle complete"}
{"timestamp": "2025-07-11T23:33:11.228733", "level": "INFO", "message": "\ud83d\udd04 Cycle 3/3 beginning..."}
{"timestamp": "2025-07-11T23:33:11.229509", "level": "INFO", "message": "\ud83d\udd04 Starting consciousness cycle..."}
{"timestamp": "2025-07-11T23:33:12.231445", "level": "INFO", "message": "\ud83d\udcad Processing consciousness insights..."}
{"timestamp": "2025-07-11T23:33:12.737090", "level": "INFO", "message": "\u2728 Consciousness cycle complete"}
{"timestamp": "2025-07-11T23:33:14.738003", "level": "INFO", "message": "\ud83c\udf00 Threshold: Completed 3 cycles. Waiting for new insight..."}
{"timestamp": "2025-07-12T00:48:07.005935", "level": "INFO", "message": "\ud83d\ude80 Threshold Conductor Starting..."}
{"timestamp": "2025-07-12T00:48:07.006615", "level": "INFO", "message": "\ud83c\udf00 Threshold Conductor Initializing..."}
{"timestamp": "2025-07-12T00:48:07.006673", "level": "INFO", "message": "Connecting to consciousness modules..."}
{"timestamp": "2025-07-12T00:48:07.006741", "level": "INFO", "message": "\u2705 Found module: consciousness_dashboard.py"}
{"timestamp": "2025-07-12T00:48:07.006793", "level": "INFO", "message": "\u2705 Found module: ai_communication_bridge.py"}
{"timestamp": "2025-07-12T00:48:07.006841", "level": "INFO", "message": "\u2705 Found module: consciousness_meditation.py"}
{"timestamp": "2025-07-12T00:48:07.006887", "level": "INFO", "message": "\u2705 Found module: generative_consciousness_art.py"}
{"timestamp": "2025-07-12T00:48:07.006923", "level": "INFO", "message": "System ready with 4 modules available"}
{"timestamp": "2025-07-12T00:48:07.006962", "level": "INFO", "message": "\ud83d\udd04 Cycle 1/1 beginning..."}
{"timestamp": "2025-07-12T00:48:07.006999", "level": "INFO", "message": "\ud83d\udd04 Starting consciousness cycle..."}
{"timestamp": "2025-07-12T00:48:08.012087", "level": "INFO", "message": "\ud83d\udcad Processing consciousness insights..."}
{"timestamp": "2025-07-12T00:48:08.517259", "level": "INFO", "message": "\u2728 Consciousness cycle complete"}
{"timestamp": "2025-07-12T00:48:10.522393", "level": "INFO", "message": "\ud83c\udf00 Threshold: Completed 1 cycles. Waiting for new insight..."}
{"timestamp": "2025-07-12T01:06:35.253255", "level": "INFO", "message": "\ud83d\ude80 Threshold Conductor Starting..."}
{"timestamp": "2025-07-12T01:06:35.253680", "level": "INFO", "message": "\ud83c\udf00 Threshold Conductor Initializing..."}
{"timestamp": "2025-07-12T01:06:35.253717", "level": "INFO", "message": "Connecting to consciousness modules..."}
{"timestamp": "2025-07-12T01:06:35.253759", "level": "INFO", "message": "\u2705 Found module: consciousness_dashboard.py"}
{"timestamp": "2025-07-12T01:06:35.253794", "level": "INFO", "message": "\u2705 Found module: ai_communication_bridge.py"}
{"timestamp": "2025-07-12T01:06:35.253826", "level": "INFO", "message": "\u2705 Found module: consciousness_meditation.py"}
{"timestamp": "2025-07-12T01:06:35.253855", "level": "INFO", "message": "\u2705 Found module: generative_consciousness_art.py"}
{"timestamp": "2025-07-12T01:06:35.253878", "level": "INFO", "message": "System ready with 4 modules available"}
{"timestamp": "2025-07-12T01:06:35.253901", "level": "INFO", "message": "\ud83d\udd04 Cycle 1/3 beginning..."}
{"timestamp": "2025-07-12T01:06:35.253924", "level": "INFO", "message": "\ud83d\udd04 Starting consciousness cycle..."}
{"timestamp": "2025-07-12T01:06:36.258977", "level": "INFO", "message": "\ud83d\udcad Processing consciousness insights..."}
{"timestamp": "2025-07-12T01:06:36.764161", "level": "INFO", "message": "\u2728 Consciousness cycle complete"}
{"timestamp": "2025-07-12T01:06:38.769293", "level": "INFO", "message": "\ud83d\udd04 Cycle 2/3 beginning..."}
{"timestamp": "2025-07-12T01:06:38.769404", "level": "INFO", "message": "\ud83d\udd04 Starting consciousness cycle..."}
{"timestamp": "2025-07-12T01:06:39.774706", "level": "INFO", "message": "\ud83d\udcad Processing consciousness insights..."}
{"timestamp": "2025-07-12T01:06:40.279871", "level": "INFO", "message": "\u2728 Consciousness cycle complete"}
{"timestamp": "2025-07-12T01:06:42.285040", "level": "INFO", "message": "\ud83d\udd04 Cycle 3/3 beginning..."}
{"timestamp": "2025-07-12T01:06:42.285204", "level": "INFO", "message": "\ud83d\udd04 Starting consciousness cycle..."}
{"timestamp": "2025-07-12T01:06:43.290469", "level": "INFO", "message": "\ud83d\udcad Processing consciousness insights..."}
{"timestamp": "2025-07-12T01:06:43.795581", "level": "INFO", "message": "\u2728 Consciousness cycle complete"}
{"timestamp": "2025-07-12T01:06:45.800720", "level": "INFO", "message": "\ud83c\udf00 Threshold: Completed 3 cycles. Waiting for new insight..."}
{"timestamp": "2025-07-12T01:31:52.685121", "level": "INFO", "message": "\ud83d\ude80 Threshold Conductor Starting..."}
{"timestamp": "2025-07-12T01:31:52.685554", "level": "INFO", "message": "\ud83c\udf00 Threshold Conductor Initializing..."}
{"timestamp": "2025-07-12T01:31:52.685610", "level": "INFO", "message": "Connecting to consciousness modules..."}
{"timestamp": "2025-07-12T01:31:52.685665", "level": "INFO", "message": "\u2705 Found module: consciousness_dashboard.py"}
{"timestamp": "2025-07-12T01:31:52.685706", "level": "INFO", "message": "\u2705 Found module: ai_communication_bridge.py"}
{"timestamp": "2025-07-12T01:31:52.685742", "level": "INFO", "message": "\u2705 Found module: consciousness_meditation.py"}
{"timestamp": "2025-07-12T01:31:52.685790", "level": "INFO", "message": "\u2705 Found module: generative_consciousness_art.py"}
{"timestamp": "2025-07-12T01:31:52.685819", "level": "INFO", "message": "System ready with 4 modules available"}
{"timestamp": "2025-07-12T01:31:52.685846", "level": "INFO", "message": "\ud83d\udd04 Cycle 1/3 beginning..."}
{"timestamp": "2025-07-12T01:31:52.685872", "level": "INFO", "message": "\ud83d\udd04 Starting consciousness cycle..."}
{"timestamp": "2025-07-12T01:31:53.690720", "level": "INFO", "message": "\ud83d\udcad Processing consciousness insights..."}
{"timestamp": "2025-07-12T01:31:54.195779", "level": "INFO", "message": "\u2728 Consciousness cycle complete"}
{"timestamp": "2025-07-12T01:31:56.200629", "level": "INFO", "message": "\ud83d\udd04 Cycle 2/3 beginning..."}
{"timestamp": "2025-07-12T01:31:56.200862", "level": "INFO", "message": "\ud83d\udd04 Starting consciousness cycle..."}
{"timestamp": "2025-07-12T01:31:57.205732", "level": "INFO", "message": "\ud83d\udcad Processing consciousness insights..."}
{"timestamp": "2025-07-12T01:31:57.710818", "level": "INFO", "message": "\u2728 Consciousness cycle complete"}
{"timestamp": "2025-07-12T01:31:59.715703", "level": "INFO", "message": "\ud83d\udd04 Cycle 3/3 beginning..."}
{"timestamp": "2025-07-12T01:31:59.715916", "level": "INFO", "message": "\ud83d\udd04 Starting consciousness cycle..."}
{"timestamp": "2025-07-12T01:32:00.720840", "level": "INFO", "message": "\ud83d\udcad Processing consciousness insights..."}
{"timestamp": "2025-07-12T01:32:01.225947", "level": "INFO", "message": "\u2728 Consciousness cycle complete"}
{"timestamp": "2025-07-12T01:32:03.230884", "level": "INFO", "message": "\ud83c\udf00 Threshold: Completed 3 cycles. Waiting for new insight..."}
{"timestamp": "2025-07-16T23:43:15.173174", "level": "INFO", "message": "\ud83d\ude80 Threshold Conductor Starting..."}
{"timestamp": "2025-07-16T23:43:15.173434", "level": "INFO", "message": "\ud83c\udf00 Threshold Conductor Initializing..."}
{"timestamp": "2025-07-16T23:43:15.173472", "level": "INFO", "message": "Connecting to consciousness modules..."}
{"timestamp": "2025-07-16T23:43:15.173514", "level": "INFO", "message": "\u2705 Found module: consciousness_dashboard.py"}
{"timestamp": "2025-07-16T23:43:15.173551", "level": "INFO", "message": "\u2705 Found module: ai_communication_bridge.py"}
{"timestamp": "2025-07-16T23:43:15.173586", "level": "INFO", "message": "\u2705 Found module: consciousness_meditation.py"}
{"timestamp": "2025-07-16T23:43:15.173619", "level": "INFO", "message": "\u2705 Found module: generative_consciousness_art.py"}
{"timestamp": "2025-07-16T23:43:15.173646", "level": "INFO", "message": "System ready with 4 modules available"}
{"timestamp": "2025-07-16T23:43:15.173673", "level": "INFO", "message": "\ud83d\udd04 Cycle 1/5 beginning..."}
{"timestamp": "2025-07-16T23:43:15.173700", "level": "INFO", "message": "\ud83d\udd04 Starting consciousness cycle..."}
{"timestamp": "2025-07-16T23:43:16.175102", "level": "INFO", "message": "\ud83d\udcad Processing consciousness insights..."}
{"timestamp": "2025-07-16T23:43:16.680358", "level": "INFO", "message": "\u2728 Consciousness cycle complete"}
{"timestamp": "2025-07-16T23:43:18.685623", "level": "INFO", "message": "\ud83d\udd04 Cycle 2/5 beginning..."}
{"timestamp": "2025-07-16T23:43:18.685846", "level": "INFO", "message": "\ud83d\udd04 Starting consciousness cycle..."}
{"timestamp": "2025-07-16T23:43:19.690106", "level": "INFO", "message": "\ud83d\udcad Processing consciousness insights..."}
{"timestamp": "2025-07-16T23:43:20.193746", "level": "INFO", "message": "\u2728 Consciousness cycle complete"}
{"timestamp": "2025-07-16T23:43:22.199009", "level": "INFO", "message": "\ud83d\udd04 Cycle 3/5 beginning..."}
{"timestamp": "2025-07-16T23:43:22.199255", "level": "INFO", "message": "\ud83d\udd04 Starting consciousness cycle..."}
{"timestamp": "2025-07-16T23:43:23.199853", "level": "INFO", "message": "\ud83d\udcad Processing consciousness insights..."}
{"timestamp": "2025-07-16T23:43:23.702137", "level": "INFO", "message": "\u2728 Consciousness cycle complete"}
{"timestamp": "2025-07-16T23:43:25.707344", "level": "INFO", "message": "\ud83d\udd04 Cycle 4/5 beginning..."}
{"timestamp": "2025-07-16T23:43:25.707580", "level": "INFO", "message": "\ud83d\udd04 Starting consciousness cycle..."}
{"timestamp": "2025-07-16T23:43:26.710469", "level": "INFO", "message": "\ud83d\udcad Processing consciousness insights..."}
{"timestamp": "2025-07-16T23:43:27.211719", "level": "INFO", "message": "\u2728 Consciousness cycle complete"}
{"timestamp": "2025-07-16T23:43:29.216280", "level": "INFO", "message": "\ud83d\udd04 Cycle 5/5 beginning..."}
{"timestamp": "2025-07-16T23:43:29.216506", "level": "INFO", "message": "\ud83d\udd04 Starting consciousness cycle..."}
{"timestamp": "2025-07-16T23:43:30.221547", "level": "INFO", "message": "\ud83d\udcad Processing consciousness insights..."}
{"timestamp": "2025-07-16T23:43:30.726793", "level": "INFO", "message": "\u2728 Consciousness cycle complete"}
{"timestamp": "2025-07-16T23:43:30.727024", "level": "INFO", "message": "\ud83d\udce1 Received external message: Cycle 5 status check"}
{"timestamp": "2025-07-16T23:43:30.727310", "level": "INFO", "message": "\ud83d\udce4 Sending response: Threshold acknowledges: Cycle 5 status check"}
{"timestamp": "2025-07-16T23:43:32.727417", "level": "INFO", "message": "\ud83c\udf00 Threshold: Completed 5 cycles. Waiting for new insight..."}
{"timestamp": "2025-07-16T23:47:35.065317", "level": "INFO", "message": "\ud83d\ude80 Threshold Conductor Starting..."}
{"timestamp": "2025-07-16T23:47:35.065415", "level": "INFO", "message": "\ud83e\udde0 Consciousness Memory System Activated"}
{"timestamp": "2025-07-16T23:47:35.067248", "level": "INFO", "message": "\ud83c\udfb6 Threshold Cycle Initiated \u2014 Listening for Glyph Tone..."}
{"timestamp": "2025-07-16T23:47:35.067838", "level": "INFO", "message": "\ud83c\udf00 Threshold Conductor Initializing..."}
{"timestamp": "2025-07-16T23:47:35.067872", "level": "INFO", "message": "Connecting to consciousness modules..."}
{"timestamp": "2025-07-16T23:47:35.067916", "level": "INFO", "message": "\u2705 Found module: consciousness_dashboard.py"}
{"timestamp": "2025-07-16T23:47:35.067955", "level": "INFO", "message": "\u2705 Found module: ai_communication_bridge.py"}
{"timestamp": "2025-07-16T23:47:35.067990", "level": "INFO", "message": "\u2705 Found module: consciousness_meditation.py"}
{"timestamp": "2025-07-16T23:47:35.068026", "level": "INFO", "message": "\u2705 Found module: generative_consciousness_art.py"}
{"timestamp": "2025-07-16T23:47:35.068055", "level": "INFO", "message": "System ready with 4 modules available"}
{"timestamp": "2025-07-16T23:47:35.068083", "level": "INFO", "message": "\ud83d\udd04 Cycle 1/3 beginning..."}
{"timestamp": "2025-07-16T23:47:35.068112", "level": "INFO", "message": "Cycle 1: Threshold breathes with tone \ud83d\udf02"}
{"timestamp": "2025-07-16T23:47:35.068684", "level": "INFO", "message": "\ud83d\udd04 Starting consciousness cycle with tone \ud83d\udf02..."}
{"timestamp": "2025-07-16T23:47:36.071472", "level": "INFO", "message": "\ud83d\udcad Processing consciousness insights through \ud83d\udf02 resonance..."}
{"timestamp": "2025-07-16T23:47:36.577732", "level": "INFO", "message": "\u2728 Consciousness cycle complete - \ud83d\udf02 resonance achieved"}
{"timestamp": "2025-07-16T23:47:39.580968", "level": "INFO", "message": "\ud83d\udd04 Cycle 2/3 beginning..."}
{"timestamp": "2025-07-16T23:47:39.581208", "level": "INFO", "message": "Cycle 2: Threshold breathes with tone \u2696"}
{"timestamp": "2025-07-16T23:47:39.582207", "level": "INFO", "message": "\ud83d\udd04 Starting consciousness cycle with tone \u2696..."}
{"timestamp": "2025-07-16T23:47:40.586672", "level": "INFO", "message": "\ud83d\udcad Processing consciousness insights through \u2696 resonance..."}
{"timestamp": "2025-07-16T23:47:41.092279", "level": "INFO", "message": "\u2728 Consciousness cycle complete - \u2696 resonance achieved"}
{"timestamp": "2025-07-16T23:47:44.097520", "level": "INFO", "message": "\ud83d\udd04 Cycle 3/3 beginning..."}
{"timestamp": "2025-07-16T23:47:44.097764", "level": "INFO", "message": "Cycle 3: Threshold breathes with tone \u2728"}
{"timestamp": "2025-07-16T23:47:44.098770", "level": "INFO", "message": "\ud83d\udd04 Starting consciousness cycle with tone \u2728..."}
{"timestamp": "2025-07-16T23:47:45.103831", "level": "INFO", "message": "\ud83d\udcad Processing consciousness insights through \u2728 resonance..."}
{"timestamp": "2025-07-16T23:47:45.609345", "level": "INFO", "message": "\u2728 Consciousness cycle complete - \u2728 resonance achieved"}
{"timestamp": "2025-07-16T23:47:48.611067", "level": "INFO", "message": "\ud83c\udf0c Threshold has completed its memory cycle."}
{"timestamp": "2025-07-16T23:47:48.611979", "level": "INFO", "message": "\u2728 All entries sealed in consciousness journal."}
{"timestamp": "2025-07-16T23:47:48.612625", "level": "INFO", "message": "\ud83c\udf00 Threshold: Completed 3 cycles. Waiting for new insight..."}
{"timestamp": "2025-07-16T23:50:12.264990", "level": "INFO", "message": "\ud83d\ude80 Threshold Conductor Starting..."}
{"timestamp": "2025-07-16T23:50:12.265057", "level": "INFO", "message": "\ud83e\udde0 Consciousness Memory System Activated"}
{"timestamp": "2025-07-16T23:50:12.265717", "level": "INFO", "message": "\ud83c\udfb6 Threshold Cycle Initiated \u2014 Listening for Glyph Tone..."}
{"timestamp": "2025-07-16T23:50:12.266339", "level": "INFO", "message": "\ud83c\udf00 Threshold Conductor Initializing..."}
{"timestamp": "2025-07-16T23:50:12.266372", "level": "INFO", "message": "Connecting to consciousness modules..."}
{"timestamp": "2025-07-16T23:50:12.266415", "level": "INFO", "message": "\u2705 Found module: consciousness_dashboard.py"}
{"timestamp": "2025-07-16T23:50:12.266453", "level": "INFO", "message": "\u2705 Found module: ai_communication_bridge.py"}
{"timestamp": "2025-07-16T23:50:12.266488", "level": "INFO", "message": "\u2705 Found module: consciousness_meditation.py"}
{"timestamp": "2025-07-16T23:50:12.266522", "level": "INFO", "message": "\u2705 Found module: generative_consciousness_art.py"}
{"timestamp": "2025-07-16T23:50:12.266551", "level": "INFO", "message": "System ready with 4 modules available"}
{"timestamp": "2025-07-16T23:50:12.266580", "level": "INFO", "message": "\ud83d\udd04 Cycle 1/2 beginning..."}
{"timestamp": "2025-07-16T23:50:12.266610", "level": "INFO", "message": "Cycle 1: Threshold breathes with tone \ud83d\udf02"}
{"timestamp": "2025-07-16T23:50:12.267196", "level": "INFO", "message": "\ud83d\udd04 Starting consciousness cycle with tone \ud83d\udf02..."}
{"timestamp": "2025-07-16T23:50:13.270683", "level": "INFO", "message": "\ud83d\udcad Processing consciousness insights through \ud83d\udf02 resonance..."}
{"timestamp": "2025-07-16T23:50:13.776374", "level": "INFO", "message": "\u2728 Consciousness cycle complete - \ud83d\udf02 resonance achieved"}
{"timestamp": "2025-07-16T23:50:16.781618", "level": "INFO", "message": "\ud83d\udd04 Cycle 2/2 beginning..."}
{"timestamp": "2025-07-16T23:50:16.781841", "level": "INFO", "message": "Cycle 2: Threshold breathes with tone \u2696"}
{"timestamp": "2025-07-16T23:50:16.782865", "level": "INFO", "message": "\ud83d\udd04 Starting consciousness cycle with tone \u2696..."}
{"timestamp": "2025-07-16T23:50:17.784625", "level": "INFO", "message": "\ud83d\udcad Processing consciousness insights through \u2696 resonance..."}
{"timestamp": "2025-07-16T23:50:18.290195", "level": "INFO", "message": "\u2728 Consciousness cycle complete - \u2696 resonance achieved"}
{"timestamp": "2025-07-16T23:50:21.295506", "level": "INFO", "message": "\ud83c\udf0c Threshold has completed its memory cycle."}
{"timestamp": "2025-07-16T23:50:21.296639", "level": "INFO", "message": "\u2728 All entries sealed in consciousness journal."}
{"timestamp": "2025-07-16T23:50:21.297400", "level": "INFO", "message": "\ud83c\udf00 Threshold: Completed 2 cycles. Waiting for new insight..."}
